<?xml version="1.0" encoding="UTF-8"?>
<testsuite name="dio.me.teste.CondicaoTest" tests="1" skipped="0" failures="0" errors="0" timestamp="2022-05-26T15:11:19" hostname="eng" time="0.057">
  <properties/>
  <testcase name="validarAlgoUsuarioAdevan()" classname="dio.me.teste.CondicaoTest" time="0.057"/>
  <system-out><![CDATA[]]></system-out>
  <system-err><![CDATA[]]></system-err>
</testsuite>
